Arguments: 
  C:\Program Files\nodejs\node.exe C:\Program Files\nodejs\node_modules\yarn\bin\yarn.js init

PATH: 
  C:\Users\Bhaktij\bin;C:\Program Files\Git\mingw64\bin;C:\Program Files\Git\usr\local\bin;C:\Program Files\Git\usr\bin;C:\Program Files\Git\usr\bin;C:\Program Files\Git\mingw64\bin;C:\Program Files\Git\usr\bin;C:\Users\Bhaktij\bin;C:\Program Files (x86)\VMware\VMware Player\bin;C:\Windows\system32;C:\Windows;C:\Windows\System32\Wbem;C:\Windows\System32\WindowsPowerShell\v1.0;C:\Program Files\Microsoft VS Code\bin;C:\Program Files\NVIDIA Corporation\NVIDIA NvDLISR;C:\Users\Bhaktij\AppData\Roaming\nvm;C:\Program Files\nodejs;C:\WINDOWS\system32;C:\WINDOWS;C:\WINDOWS\System32\Wbem;C:\WINDOWS\System32\WindowsPowerShell\v1.0;C:\WINDOWS\System32\OpenSSH;C:\Program Files (x86)\NVIDIA Corporation\PhysX\Common;C:\Program Files\Docker\Docker\resources\bin;C:\ProgramData\DockerDesktop\version-bin;G:\XAMPP\php;C:\Program Files\Git\cmd;C:\ProgramData\ComposerSetup\bin;C:\Users\Bhaktij\AppData\Roaming\nvm;C:\Users\Bhaktij\AppData\Local\Microsoft\WindowsApps;C:\Users\Bhaktij\AppData\Local\GitHubDesktop\bin;G:\XAMPP\php;C:\Users\Bhaktij\AppData\Local\Android\Sdk\platform-tools;C:\Users\Bhaktij\AppData\Local\Android\Sdk\tools\bin;C:\Users\Bhaktij\AppData\Local\Android\Sdk\emulator;C:\Users\Bhaktij\AppData\Roaming\Composer\vendor\bin;C:\Program Files\Git\usr\bin\vendor_perl;C:\Program Files\Git\usr\bin\core_perl

Yarn version: 
  1.22.10

Node version: 
  14.15.0

Platform: 
  win32 x64

Trace: 
  Error: Can't answer a question unless a user TTY
      at ConsoleReporter.question (C:\Users\Bhaktij\AppData\Roaming\nvm\v14.15.0\node_modules\yarn\lib\cli.js:96361:59)
      at Object.<anonymous> (C:\Users\Bhaktij\AppData\Roaming\nvm\v14.15.0\node_modules\yarn\lib\cli.js:88636:38)
      at Generator.next (<anonymous>)
      at step (C:\Users\Bhaktij\AppData\Roaming\nvm\v14.15.0\node_modules\yarn\lib\cli.js:310:30)
      at C:\Users\Bhaktij\AppData\Roaming\nvm\v14.15.0\node_modules\yarn\lib\cli.js:321:13

npm manifest: 
  No manifest

yarn manifest: 
  No manifest

Lockfile: 
  No lockfile
